<?xml version="1.0" encoding="UTF-8"?>
<testng-results skipped="0" failed="0" ignored="0" total="1" passed="1">
  <reporter-output>
  </reporter-output>
  <suite name="Suite" duration-ms="86492" started-at="2019-11-13T14:56:11Z" finished-at="2019-11-13T14:57:37Z">
    <groups>
    </groups>
    <test name="Test" duration-ms="86492" started-at="2019-11-13T14:56:11Z" finished-at="2019-11-13T14:57:37Z">
      <class name="com.selenium.MainTest">
        <test-method status="PASS" signature="setUp()[pri:0, instance:com.selenium.MainTest@2d3fcdbd]" name="setUp" is-config="true" duration-ms="38568" started-at="2019-11-13T14:56:11Z" finished-at="2019-11-13T14:56:50Z">
          <reporter-output>
          </reporter-output>
        </test-method> <!-- setUp -->
        <test-method status="PASS" signature="TestRun()[pri:0, instance:com.selenium.MainTest@2d3fcdbd]" name="TestRun" duration-ms="46395" started-at="2019-11-13T14:56:50Z" finished-at="2019-11-13T14:57:36Z">
          <reporter-output>
          </reporter-output>
        </test-method> <!-- TestRun -->
        <test-method status="PASS" signature="teadDown()[pri:0, instance:com.selenium.MainTest@2d3fcdbd]" name="teadDown" is-config="true" duration-ms="1478" started-at="2019-11-13T14:57:36Z" finished-at="2019-11-13T14:57:37Z">
          <reporter-output>
          </reporter-output>
        </test-method> <!-- teadDown -->
      </class> <!-- com.selenium.MainTest -->
    </test> <!-- Test -->
  </suite> <!-- Suite -->
</testng-results>
