<?xml version="1.0" encoding="UTF-8"?>
<testng-results skipped="0" failed="0" ignored="0" total="1" passed="1">
  <reporter-output>
  </reporter-output>
  <suite name="Suite" duration-ms="37467" started-at="2019-11-10T15:41:00Z" finished-at="2019-11-10T15:41:37Z">
    <groups>
    </groups>
    <test name="Test" duration-ms="37467" started-at="2019-11-10T15:41:00Z" finished-at="2019-11-10T15:41:37Z">
      <class name="com.selenium.MainTest">
        <test-method status="PASS" signature="setUp()[pri:0, instance:com.selenium.MainTest@1e88b3c]" name="setUp" is-config="true" duration-ms="17666" started-at="2019-11-10T15:41:00Z" finished-at="2019-11-10T15:41:18Z">
          <reporter-output>
          </reporter-output>
        </test-method> <!-- setUp -->
        <test-method status="PASS" signature="TestRun()[pri:0, instance:com.selenium.MainTest@1e88b3c]" name="TestRun" duration-ms="18510" started-at="2019-11-10T15:41:18Z" finished-at="2019-11-10T15:41:36Z">
          <reporter-output>
          </reporter-output>
        </test-method> <!-- TestRun -->
        <test-method status="PASS" signature="teadDown()[pri:0, instance:com.selenium.MainTest@1e88b3c]" name="teadDown" is-config="true" duration-ms="1078" started-at="2019-11-10T15:41:36Z" finished-at="2019-11-10T15:41:37Z">
          <reporter-output>
          </reporter-output>
        </test-method> <!-- teadDown -->
      </class> <!-- com.selenium.MainTest -->
    </test> <!-- Test -->
  </suite> <!-- Suite -->
</testng-results>
